Copyright 1986-2022 Xilinx, Inc. All Rights Reserved. Copyright 2022-2025 Advanced Micro Devices, Inc. All Rights Reserved.
---------------------------------------------------------------------------------------------------------------------------------------------------------------------------------------------------------------------------------------
| Tool Version : Vivado v.2025.1 (win64) Build 6140274 Thu May 22 00:12:29 MDT 2025
| Date         : Tue Sep  9 19:10:18 2025
| Host         : LENOVO running 64-bit major release  (build 9200)
| Command      : report_timing_summary -max_paths 10 -routable_nets -report_unconstrained -file alu_32bit_timing_summary_routed.rpt -pb alu_32bit_timing_summary_routed.pb -rpx alu_32bit_timing_summary_routed.rpx -warn_on_violation
| Design       : alu_32bit
| Device       : 7s50-fgga484
| Speed File   : -2  PRODUCTION 1.23 2018-06-13
| Design State : Routed
---------------------------------------------------------------------------------------------------------------------------------------------------------------------------------------------------------------------------------------

Timing Summary Report

------------------------------------------------------------------------------------------------
| Timer Settings
| --------------
------------------------------------------------------------------------------------------------

  Enable Multi Corner Analysis               :  Yes
  Enable Pessimism Removal                   :  Yes
  Pessimism Removal Resolution               :  Nearest Common Node
  Enable Input Delay Default Clock           :  No
  Enable Preset / Clear Arcs                 :  No
  Disable Flight Delays                      :  No
  Ignore I/O Paths                           :  No
  Timing Early Launch at Borrowing Latches   :  No
  Borrow Time for Max Delay Exceptions       :  Yes
  Merge Timing Exceptions                    :  Yes
  Inter-SLR Compensation                     :  Conservative

  Corner  Analyze    Analyze    
  Name    Max Paths  Min Paths  
  ------  ---------  ---------  
  Slow    Yes        Yes        
  Fast    Yes        Yes        


------------------------------------------------------------------------------------------------
| Report Methodology
| ------------------
------------------------------------------------------------------------------------------------

No report available as report_methodology has not been run prior. Run report_methodology on the current design for the summary of methodology violations.



check_timing report

Table of Contents
-----------------
1. checking no_clock (0)
2. checking constant_clock (0)
3. checking pulse_width_clock (0)
4. checking unconstrained_internal_endpoints (0)
5. checking no_input_delay (0)
6. checking no_output_delay (0)
7. checking multiple_clock (0)
8. checking generated_clocks (0)
9. checking loops (0)
10. checking partial_input_delay (0)
11. checking partial_output_delay (0)
12. checking latch_loops (0)

1. checking no_clock (0)
------------------------
 There are 0 register/latch pins with no clock.


2. checking constant_clock (0)
------------------------------
 There are 0 register/latch pins with constant_clock.


3. checking pulse_width_clock (0)
---------------------------------
 There are 0 register/latch pins which need pulse_width check


4. checking unconstrained_internal_endpoints (0)
------------------------------------------------
 There are 0 pins that are not constrained for maximum delay.

 There are 0 pins that are not constrained for maximum delay due to constant clock.


5. checking no_input_delay (0)
------------------------------
 There are 0 input ports with no input delay specified.

 There are 0 input ports with no input delay but user has a false path constraint.


6. checking no_output_delay (0)
-------------------------------
 There are 0 ports with no output delay specified.

 There are 0 ports with no output delay but user has a false path constraint

 There are 0 ports with no output delay but with a timing clock defined on it or propagating through it


7. checking multiple_clock (0)
------------------------------
 There are 0 register/latch pins with multiple clocks.


8. checking generated_clocks (0)
--------------------------------
 There are 0 generated clocks that are not connected to a clock source.


9. checking loops (0)
---------------------
 There are 0 combinational loops in the design.


10. checking partial_input_delay (0)
------------------------------------
 There are 0 input ports with partial input delay specified.


11. checking partial_output_delay (0)
-------------------------------------
 There are 0 ports with partial output delay specified.


12. checking latch_loops (0)
----------------------------
 There are 0 combinational latch loops in the design through latch input



------------------------------------------------------------------------------------------------
| Design Timing Summary
| ---------------------
------------------------------------------------------------------------------------------------

    WNS(ns)      TNS(ns)  TNS Failing Endpoints  TNS Total Endpoints      WHS(ns)      THS(ns)  THS Failing Endpoints  THS Total Endpoints     WPWS(ns)     TPWS(ns)  TPWS Failing Endpoints  TPWS Total Endpoints  
    -------      -------  ---------------------  -------------------      -------      -------  ---------------------  -------------------     --------     --------  ----------------------  --------------------  
        inf        0.000                      0                   33          inf        0.000                      0                   33           NA           NA                      NA                    NA  


There are no user specified timing constraints.


------------------------------------------------------------------------------------------------
| Clock Summary
| -------------
------------------------------------------------------------------------------------------------


------------------------------------------------------------------------------------------------
| Intra Clock Table
| -----------------
------------------------------------------------------------------------------------------------

Clock             WNS(ns)      TNS(ns)  TNS Failing Endpoints  TNS Total Endpoints      WHS(ns)      THS(ns)  THS Failing Endpoints  THS Total Endpoints     WPWS(ns)     TPWS(ns)  TPWS Failing Endpoints  TPWS Total Endpoints  
-----             -------      -------  ---------------------  -------------------      -------      -------  ---------------------  -------------------     --------     --------  ----------------------  --------------------  


------------------------------------------------------------------------------------------------
| Inter Clock Table
| -----------------
------------------------------------------------------------------------------------------------

From Clock    To Clock          WNS(ns)      TNS(ns)  TNS Failing Endpoints  TNS Total Endpoints      WHS(ns)      THS(ns)  THS Failing Endpoints  THS Total Endpoints  
----------    --------          -------      -------  ---------------------  -------------------      -------      -------  ---------------------  -------------------  


------------------------------------------------------------------------------------------------
| Other Path Groups Table
| -----------------------
------------------------------------------------------------------------------------------------

Path Group    From Clock    To Clock          WNS(ns)      TNS(ns)  TNS Failing Endpoints  TNS Total Endpoints      WHS(ns)      THS(ns)  THS Failing Endpoints  THS Total Endpoints  
----------    ----------    --------          -------      -------  ---------------------  -------------------      -------      -------  ---------------------  -------------------  


------------------------------------------------------------------------------------------------
| User Ignored Path Table
| -----------------------
------------------------------------------------------------------------------------------------

Path Group    From Clock    To Clock    
----------    ----------    --------    


------------------------------------------------------------------------------------------------
| Unconstrained Path Table
| ------------------------
------------------------------------------------------------------------------------------------

Path Group    From Clock    To Clock    
----------    ----------    --------    
(none)                                    


------------------------------------------------------------------------------------------------
| Timing Details
| --------------
------------------------------------------------------------------------------------------------


--------------------------------------------------------------------------------------
Path Group:  (none)
From Clock:  
  To Clock:  

Max Delay            33 Endpoints
Min Delay            33 Endpoints
--------------------------------------------------------------------------------------


Max Delay Paths
--------------------------------------------------------------------------------------
Slack:                    inf
  Source:                 a[2]
                            (input port)
  Destination:            zero
                            (output port)
  Path Group:             (none)
  Path Type:              Max at Slow Process Corner
  Data Path Delay:        12.573ns  (logic 4.964ns (39.485%)  route 7.608ns (60.515%))
  Logic Levels:           14  (CARRY4=7 IBUF=1 LUT2=1 LUT4=1 LUT6=3 OBUF=1)

    Location             Delay type                Incr(ns)  Path(ns)    Netlist Resource(s)
  -------------------------------------------------------------------    -------------------
    E19                                               0.000     0.000 r  a[2] (IN)
                         net (fo=0)                   0.000     0.000    a[2]
    E19                  IBUF (Prop_ibuf_I_O)         0.935     0.935 r  a_IBUF[2]_inst/O
                         net (fo=7, routed)           2.669     3.604    a_IBUF[2]
    SLICE_X2Y60          LUT2 (Prop_lut2_I0_O)        0.105     3.709 r  result_OBUF[3]_inst_i_10/O
                         net (fo=1, routed)           0.000     3.709    result_OBUF[3]_inst_i_10_n_0
    SLICE_X2Y60          CARRY4 (Prop_carry4_S[2]_CO[3])
                                                      0.316     4.025 r  result_OBUF[3]_inst_i_4/CO[3]
                         net (fo=1, routed)           0.000     4.025    result_OBUF[3]_inst_i_4_n_0
    SLICE_X2Y61          CARRY4 (Prop_carry4_CI_CO[3])
                                                      0.100     4.125 r  result_OBUF[7]_inst_i_4/CO[3]
                         net (fo=1, routed)           0.000     4.125    result_OBUF[7]_inst_i_4_n_0
    SLICE_X2Y62          CARRY4 (Prop_carry4_CI_CO[3])
                                                      0.100     4.225 r  result_OBUF[11]_inst_i_4/CO[3]
                         net (fo=1, routed)           0.000     4.225    result_OBUF[11]_inst_i_4_n_0
    SLICE_X2Y63          CARRY4 (Prop_carry4_CI_CO[3])
                                                      0.100     4.325 r  result_OBUF[15]_inst_i_4/CO[3]
                         net (fo=1, routed)           0.000     4.325    result_OBUF[15]_inst_i_4_n_0
    SLICE_X2Y64          CARRY4 (Prop_carry4_CI_CO[3])
                                                      0.100     4.425 r  result_OBUF[19]_inst_i_4/CO[3]
                         net (fo=1, routed)           0.000     4.425    result_OBUF[19]_inst_i_4_n_0
    SLICE_X2Y65          CARRY4 (Prop_carry4_CI_CO[3])
                                                      0.100     4.525 r  result_OBUF[23]_inst_i_4/CO[3]
                         net (fo=1, routed)           0.000     4.525    result_OBUF[23]_inst_i_4_n_0
    SLICE_X2Y66          CARRY4 (Prop_carry4_CI_O[0])
                                                      0.178     4.703 f  result_OBUF[27]_inst_i_4/O[0]
                         net (fo=1, routed)           0.668     5.371    data0[24]
    SLICE_X4Y66          LUT6 (Prop_lut6_I5_O)        0.238     5.609 f  result_OBUF[24]_inst_i_2/O
                         net (fo=1, routed)           0.662     6.271    result_OBUF[24]_inst_i_2_n_0
    SLICE_X0Y66          LUT6 (Prop_lut6_I5_O)        0.105     6.376 f  result_OBUF[24]_inst_i_1/O
                         net (fo=2, routed)           1.000     7.376    result_OBUF[24]
    SLICE_X0Y57          LUT4 (Prop_lut4_I1_O)        0.105     7.481 f  zero_OBUF_inst_i_5/O
                         net (fo=1, routed)           0.554     8.035    zero_OBUF_inst_i_5_n_0
    SLICE_X0Y57          LUT6 (Prop_lut6_I3_O)        0.105     8.140 r  zero_OBUF_inst_i_1/O
                         net (fo=1, routed)           2.055    10.195    zero_OBUF
    T22                  OBUF (Prop_obuf_I_O)         2.378    12.573 r  zero_OBUF_inst/O
                         net (fo=0)                   0.000    12.573    zero
    T22                                                               r  zero (OUT)
  -------------------------------------------------------------------    -------------------

Slack:                    inf
  Source:                 a[14]
                            (input port)
  Destination:            result[18]
                            (output port)
  Path Group:             (none)
  Path Type:              Max at Slow Process Corner
  Data Path Delay:        11.369ns  (logic 4.302ns (37.840%)  route 7.067ns (62.160%))
  Logic Levels:           7  (CARRY4=2 IBUF=1 LUT2=1 LUT6=2 OBUF=1)

    Location             Delay type                Incr(ns)  Path(ns)    Netlist Resource(s)
  -------------------------------------------------------------------    -------------------
    A16                                               0.000     0.000 r  a[14] (IN)
                         net (fo=0)                   0.000     0.000    a[14]
    A16                  IBUF (Prop_ibuf_I_O)         0.942     0.942 r  a_IBUF[14]_inst/O
                         net (fo=6, routed)           2.880     3.822    a_IBUF[14]
    SLICE_X3Y63          LUT2 (Prop_lut2_I0_O)        0.105     3.927 r  result_OBUF[15]_inst_i_6/O
                         net (fo=1, routed)           0.000     3.927    result_OBUF[15]_inst_i_6_n_0
    SLICE_X3Y63          CARRY4 (Prop_carry4_S[2]_CO[3])
                                                      0.332     4.259 r  result_OBUF[15]_inst_i_3/CO[3]
                         net (fo=1, routed)           0.000     4.259    result_OBUF[15]_inst_i_3_n_0
    SLICE_X3Y64          CARRY4 (Prop_carry4_CI_O[2])
                                                      0.200     4.459 r  result_OBUF[19]_inst_i_3/O[2]
                         net (fo=1, routed)           0.888     5.346    data1[18]
    SLICE_X1Y64          LUT6 (Prop_lut6_I3_O)        0.253     5.599 r  result_OBUF[18]_inst_i_2/O
                         net (fo=1, routed)           0.573     6.173    result_OBUF[18]_inst_i_2_n_0
    SLICE_X0Y64          LUT6 (Prop_lut6_I5_O)        0.105     6.278 r  result_OBUF[18]_inst_i_1/O
                         net (fo=2, routed)           2.726     9.004    result_OBUF[18]
    R18                  OBUF (Prop_obuf_I_O)         2.365    11.369 r  result_OBUF[18]_inst/O
                         net (fo=0)                   0.000    11.369    result[18]
    R18                                                               r  result[18] (OUT)
  -------------------------------------------------------------------    -------------------

Slack:                    inf
  Source:                 a[14]
                            (input port)
  Destination:            result[25]
                            (output port)
  Path Group:             (none)
  Path Type:              Max at Slow Process Corner
  Data Path Delay:        11.285ns  (logic 4.575ns (40.538%)  route 6.710ns (59.462%))
  Logic Levels:           9  (CARRY4=4 IBUF=1 LUT2=1 LUT6=2 OBUF=1)

    Location             Delay type                Incr(ns)  Path(ns)    Netlist Resource(s)
  -------------------------------------------------------------------    -------------------
    A16                                               0.000     0.000 r  a[14] (IN)
                         net (fo=0)                   0.000     0.000    a[14]
    A16                  IBUF (Prop_ibuf_I_O)         0.942     0.942 r  a_IBUF[14]_inst/O
                         net (fo=6, routed)           2.880     3.822    a_IBUF[14]
    SLICE_X3Y63          LUT2 (Prop_lut2_I0_O)        0.105     3.927 r  result_OBUF[15]_inst_i_6/O
                         net (fo=1, routed)           0.000     3.927    result_OBUF[15]_inst_i_6_n_0
    SLICE_X3Y63          CARRY4 (Prop_carry4_S[2]_CO[3])
                                                      0.332     4.259 r  result_OBUF[15]_inst_i_3/CO[3]
                         net (fo=1, routed)           0.000     4.259    result_OBUF[15]_inst_i_3_n_0
    SLICE_X3Y64          CARRY4 (Prop_carry4_CI_CO[3])
                                                      0.098     4.357 r  result_OBUF[19]_inst_i_3/CO[3]
                         net (fo=1, routed)           0.000     4.357    result_OBUF[19]_inst_i_3_n_0
    SLICE_X3Y65          CARRY4 (Prop_carry4_CI_CO[3])
                                                      0.098     4.455 r  result_OBUF[23]_inst_i_3/CO[3]
                         net (fo=1, routed)           0.000     4.455    result_OBUF[23]_inst_i_3_n_0
    SLICE_X3Y66          CARRY4 (Prop_carry4_CI_O[1])
                                                      0.265     4.720 r  result_OBUF[27]_inst_i_3/O[1]
                         net (fo=1, routed)           0.787     5.507    data1[25]
    SLICE_X4Y66          LUT6 (Prop_lut6_I3_O)        0.250     5.757 r  result_OBUF[25]_inst_i_2/O
                         net (fo=1, routed)           0.243     6.000    result_OBUF[25]_inst_i_2_n_0
    SLICE_X0Y66          LUT6 (Prop_lut6_I5_O)        0.105     6.105 r  result_OBUF[25]_inst_i_1/O
                         net (fo=2, routed)           2.801     8.905    result_OBUF[25]
    U20                  OBUF (Prop_obuf_I_O)         2.380    11.285 r  result_OBUF[25]_inst/O
                         net (fo=0)                   0.000    11.285    result[25]
    U20                                                               r  result[25] (OUT)
  -------------------------------------------------------------------    -------------------

Slack:                    inf
  Source:                 a[2]
                            (input port)
  Destination:            result[8]
                            (output port)
  Path Group:             (none)
  Path Type:              Max at Slow Process Corner
  Data Path Delay:        11.280ns  (logic 4.357ns (38.621%)  route 6.924ns (61.379%))
  Logic Levels:           8  (CARRY4=3 IBUF=1 LUT2=1 LUT6=2 OBUF=1)

    Location             Delay type                Incr(ns)  Path(ns)    Netlist Resource(s)
  -------------------------------------------------------------------    -------------------
    E19                                               0.000     0.000 r  a[2] (IN)
                         net (fo=0)                   0.000     0.000    a[2]
    E19                  IBUF (Prop_ibuf_I_O)         0.935     0.935 r  a_IBUF[2]_inst/O
                         net (fo=7, routed)           2.669     3.604    a_IBUF[2]
    SLICE_X2Y60          LUT2 (Prop_lut2_I0_O)        0.105     3.709 r  result_OBUF[3]_inst_i_10/O
                         net (fo=1, routed)           0.000     3.709    result_OBUF[3]_inst_i_10_n_0
    SLICE_X2Y60          CARRY4 (Prop_carry4_S[2]_CO[3])
                                                      0.316     4.025 r  result_OBUF[3]_inst_i_4/CO[3]
                         net (fo=1, routed)           0.000     4.025    result_OBUF[3]_inst_i_4_n_0
    SLICE_X2Y61          CARRY4 (Prop_carry4_CI_CO[3])
                                                      0.100     4.125 r  result_OBUF[7]_inst_i_4/CO[3]
                         net (fo=1, routed)           0.000     4.125    result_OBUF[7]_inst_i_4_n_0
    SLICE_X2Y62          CARRY4 (Prop_carry4_CI_O[0])
                                                      0.178     4.303 r  result_OBUF[11]_inst_i_4/O[0]
                         net (fo=1, routed)           0.777     5.080    data0[8]
    SLICE_X4Y62          LUT6 (Prop_lut6_I5_O)        0.238     5.318 r  result_OBUF[8]_inst_i_2/O
                         net (fo=2, routed)           0.531     5.849    result_OBUF[8]_inst_i_2_n_0
    SLICE_X0Y62          LUT6 (Prop_lut6_I5_O)        0.105     5.954 r  result_OBUF[8]_inst_i_1/O
                         net (fo=1, routed)           2.947     8.901    result_OBUF[8]
    AA20                 OBUF (Prop_obuf_I_O)         2.380    11.280 r  result_OBUF[8]_inst/O
                         net (fo=0)                   0.000    11.280    result[8]
    AA20                                                              r  result[8] (OUT)
  -------------------------------------------------------------------    -------------------

Slack:                    inf
  Source:                 a[2]
                            (input port)
  Destination:            result[16]
                            (output port)
  Path Group:             (none)
  Path Type:              Max at Slow Process Corner
  Data Path Delay:        11.269ns  (logic 4.531ns (40.210%)  route 6.737ns (59.790%))
  Logic Levels:           10  (CARRY4=5 IBUF=1 LUT2=1 LUT6=2 OBUF=1)

    Location             Delay type                Incr(ns)  Path(ns)    Netlist Resource(s)
  -------------------------------------------------------------------    -------------------
    E19                                               0.000     0.000 r  a[2] (IN)
                         net (fo=0)                   0.000     0.000    a[2]
    E19                  IBUF (Prop_ibuf_I_O)         0.935     0.935 r  a_IBUF[2]_inst/O
                         net (fo=7, routed)           2.669     3.604    a_IBUF[2]
    SLICE_X2Y60          LUT2 (Prop_lut2_I0_O)        0.105     3.709 r  result_OBUF[3]_inst_i_10/O
                         net (fo=1, routed)           0.000     3.709    result_OBUF[3]_inst_i_10_n_0
    SLICE_X2Y60          CARRY4 (Prop_carry4_S[2]_CO[3])
                                                      0.316     4.025 r  result_OBUF[3]_inst_i_4/CO[3]
                         net (fo=1, routed)           0.000     4.025    result_OBUF[3]_inst_i_4_n_0
    SLICE_X2Y61          CARRY4 (Prop_carry4_CI_CO[3])
                                                      0.100     4.125 r  result_OBUF[7]_inst_i_4/CO[3]
                         net (fo=1, routed)           0.000     4.125    result_OBUF[7]_inst_i_4_n_0
    SLICE_X2Y62          CARRY4 (Prop_carry4_CI_CO[3])
                                                      0.100     4.225 r  result_OBUF[11]_inst_i_4/CO[3]
                         net (fo=1, routed)           0.000     4.225    result_OBUF[11]_inst_i_4_n_0
    SLICE_X2Y63          CARRY4 (Prop_carry4_CI_CO[3])
                                                      0.100     4.325 r  result_OBUF[15]_inst_i_4/CO[3]
                         net (fo=1, routed)           0.000     4.325    result_OBUF[15]_inst_i_4_n_0
    SLICE_X2Y64          CARRY4 (Prop_carry4_CI_O[0])
                                                      0.178     4.503 r  result_OBUF[19]_inst_i_4/O[0]
                         net (fo=1, routed)           0.601     5.104    data0[16]
    SLICE_X4Y64          LUT6 (Prop_lut6_I5_O)        0.238     5.342 r  result_OBUF[16]_inst_i_2/O
                         net (fo=1, routed)           0.805     6.147    result_OBUF[16]_inst_i_2_n_0
    SLICE_X0Y64          LUT6 (Prop_lut6_I5_O)        0.105     6.252 r  result_OBUF[16]_inst_i_1/O
                         net (fo=2, routed)           2.662     8.914    result_OBUF[16]
    U17                  OBUF (Prop_obuf_I_O)         2.354    11.269 r  result_OBUF[16]_inst/O
                         net (fo=0)                   0.000    11.269    result[16]
    U17                                                               r  result[16] (OUT)
  -------------------------------------------------------------------    -------------------

Slack:                    inf
  Source:                 a[2]
                            (input port)
  Destination:            result[10]
                            (output port)
  Path Group:             (none)
  Path Type:              Max at Slow Process Corner
  Data Path Delay:        11.266ns  (logic 4.369ns (38.782%)  route 6.897ns (61.218%))
  Logic Levels:           8  (CARRY4=3 IBUF=1 LUT2=1 LUT6=2 OBUF=1)

    Location             Delay type                Incr(ns)  Path(ns)    Netlist Resource(s)
  -------------------------------------------------------------------    -------------------
    E19                                               0.000     0.000 r  a[2] (IN)
                         net (fo=0)                   0.000     0.000    a[2]
    E19                  IBUF (Prop_ibuf_I_O)         0.935     0.935 r  a_IBUF[2]_inst/O
                         net (fo=7, routed)           2.669     3.604    a_IBUF[2]
    SLICE_X2Y60          LUT2 (Prop_lut2_I0_O)        0.105     3.709 r  result_OBUF[3]_inst_i_10/O
                         net (fo=1, routed)           0.000     3.709    result_OBUF[3]_inst_i_10_n_0
    SLICE_X2Y60          CARRY4 (Prop_carry4_S[2]_CO[3])
                                                      0.316     4.025 r  result_OBUF[3]_inst_i_4/CO[3]
                         net (fo=1, routed)           0.000     4.025    result_OBUF[3]_inst_i_4_n_0
    SLICE_X2Y61          CARRY4 (Prop_carry4_CI_CO[3])
                                                      0.100     4.125 r  result_OBUF[7]_inst_i_4/CO[3]
                         net (fo=1, routed)           0.000     4.125    result_OBUF[7]_inst_i_4_n_0
    SLICE_X2Y62          CARRY4 (Prop_carry4_CI_O[2])
                                                      0.199     4.324 r  result_OBUF[11]_inst_i_4/O[2]
                         net (fo=1, routed)           0.651     4.975    data0[10]
    SLICE_X4Y62          LUT6 (Prop_lut6_I5_O)        0.244     5.219 r  result_OBUF[10]_inst_i_2/O
                         net (fo=2, routed)           0.671     5.890    result_OBUF[10]_inst_i_2_n_0
    SLICE_X0Y62          LUT6 (Prop_lut6_I5_O)        0.105     5.995 r  result_OBUF[10]_inst_i_1/O
                         net (fo=1, routed)           2.906     8.901    result_OBUF[10]
    T20                  OBUF (Prop_obuf_I_O)         2.366    11.266 r  result_OBUF[10]_inst/O
                         net (fo=0)                   0.000    11.266    result[10]
    T20                                                               r  result[10] (OUT)
  -------------------------------------------------------------------    -------------------

Slack:                    inf
  Source:                 a[2]
                            (input port)
  Destination:            result[7]
                            (output port)
  Path Group:             (none)
  Path Type:              Max at Slow Process Corner
  Data Path Delay:        11.258ns  (logic 4.367ns (38.795%)  route 6.890ns (61.205%))
  Logic Levels:           7  (CARRY4=2 IBUF=1 LUT2=1 LUT6=2 OBUF=1)

    Location             Delay type                Incr(ns)  Path(ns)    Netlist Resource(s)
  -------------------------------------------------------------------    -------------------
    E19                                               0.000     0.000 r  a[2] (IN)
                         net (fo=0)                   0.000     0.000    a[2]
    E19                  IBUF (Prop_ibuf_I_O)         0.935     0.935 r  a_IBUF[2]_inst/O
                         net (fo=7, routed)           2.669     3.604    a_IBUF[2]
    SLICE_X2Y60          LUT2 (Prop_lut2_I0_O)        0.105     3.709 r  result_OBUF[3]_inst_i_10/O
                         net (fo=1, routed)           0.000     3.709    result_OBUF[3]_inst_i_10_n_0
    SLICE_X2Y60          CARRY4 (Prop_carry4_S[2]_CO[3])
                                                      0.316     4.025 r  result_OBUF[3]_inst_i_4/CO[3]
                         net (fo=1, routed)           0.000     4.025    result_OBUF[3]_inst_i_4_n_0
    SLICE_X2Y61          CARRY4 (Prop_carry4_CI_O[3])
                                                      0.262     4.287 r  result_OBUF[7]_inst_i_4/O[3]
                         net (fo=1, routed)           0.656     4.943    data0[7]
    SLICE_X1Y61          LUT6 (Prop_lut6_I5_O)        0.250     5.193 r  result_OBUF[7]_inst_i_2/O
                         net (fo=1, routed)           0.547     5.739    result_OBUF[7]_inst_i_2_n_0
    SLICE_X0Y61          LUT6 (Prop_lut6_I5_O)        0.105     5.844 r  result_OBUF[7]_inst_i_1/O
                         net (fo=2, routed)           3.019     8.863    result_OBUF[7]
    Y22                  OBUF (Prop_obuf_I_O)         2.395    11.258 r  result_OBUF[7]_inst/O
                         net (fo=0)                   0.000    11.258    result[7]
    Y22                                                               r  result[7] (OUT)
  -------------------------------------------------------------------    -------------------

Slack:                    inf
  Source:                 a[2]
                            (input port)
  Destination:            result[29]
                            (output port)
  Path Group:             (none)
  Path Type:              Max at Slow Process Corner
  Data Path Delay:        11.240ns  (logic 4.947ns (44.010%)  route 6.294ns (55.990%))
  Logic Levels:           13  (CARRY4=8 IBUF=1 LUT2=1 LUT6=2 OBUF=1)

    Location             Delay type                Incr(ns)  Path(ns)    Netlist Resource(s)
  -------------------------------------------------------------------    -------------------
    E19                                               0.000     0.000 r  a[2] (IN)
                         net (fo=0)                   0.000     0.000    a[2]
    E19                  IBUF (Prop_ibuf_I_O)         0.935     0.935 r  a_IBUF[2]_inst/O
                         net (fo=7, routed)           2.669     3.604    a_IBUF[2]
    SLICE_X2Y60          LUT2 (Prop_lut2_I0_O)        0.105     3.709 r  result_OBUF[3]_inst_i_10/O
                         net (fo=1, routed)           0.000     3.709    result_OBUF[3]_inst_i_10_n_0
    SLICE_X2Y60          CARRY4 (Prop_carry4_S[2]_CO[3])
                                                      0.316     4.025 r  result_OBUF[3]_inst_i_4/CO[3]
                         net (fo=1, routed)           0.000     4.025    result_OBUF[3]_inst_i_4_n_0
    SLICE_X2Y61          CARRY4 (Prop_carry4_CI_CO[3])
                                                      0.100     4.125 r  result_OBUF[7]_inst_i_4/CO[3]
                         net (fo=1, routed)           0.000     4.125    result_OBUF[7]_inst_i_4_n_0
    SLICE_X2Y62          CARRY4 (Prop_carry4_CI_CO[3])
                                                      0.100     4.225 r  result_OBUF[11]_inst_i_4/CO[3]
                         net (fo=1, routed)           0.000     4.225    result_OBUF[11]_inst_i_4_n_0
    SLICE_X2Y63          CARRY4 (Prop_carry4_CI_CO[3])
                                                      0.100     4.325 r  result_OBUF[15]_inst_i_4/CO[3]
                         net (fo=1, routed)           0.000     4.325    result_OBUF[15]_inst_i_4_n_0
    SLICE_X2Y64          CARRY4 (Prop_carry4_CI_CO[3])
                                                      0.100     4.425 r  result_OBUF[19]_inst_i_4/CO[3]
                         net (fo=1, routed)           0.000     4.425    result_OBUF[19]_inst_i_4_n_0
    SLICE_X2Y65          CARRY4 (Prop_carry4_CI_CO[3])
                                                      0.100     4.525 r  result_OBUF[23]_inst_i_4/CO[3]
                         net (fo=1, routed)           0.000     4.525    result_OBUF[23]_inst_i_4_n_0
    SLICE_X2Y66          CARRY4 (Prop_carry4_CI_CO[3])
                                                      0.100     4.625 r  result_OBUF[27]_inst_i_4/CO[3]
                         net (fo=1, routed)           0.000     4.625    result_OBUF[27]_inst_i_4_n_0
    SLICE_X2Y67          CARRY4 (Prop_carry4_CI_O[1])
                                                      0.257     4.882 r  result_OBUF[31]_inst_i_4/O[1]
                         net (fo=1, routed)           0.660     5.542    data0[29]
    SLICE_X1Y67          LUT6 (Prop_lut6_I5_O)        0.245     5.787 r  result_OBUF[29]_inst_i_2/O
                         net (fo=1, routed)           0.546     6.333    result_OBUF[29]_inst_i_2_n_0
    SLICE_X0Y67          LUT6 (Prop_lut6_I5_O)        0.105     6.438 r  result_OBUF[29]_inst_i_1/O
                         net (fo=2, routed)           2.418     8.856    result_OBUF[29]
    U22                  OBUF (Prop_obuf_I_O)         2.384    11.240 r  result_OBUF[29]_inst/O
                         net (fo=0)                   0.000    11.240    result[29]
    U22                                                               r  result[29] (OUT)
  -------------------------------------------------------------------    -------------------

Slack:                    inf
  Source:                 a[2]
                            (input port)
  Destination:            result[6]
                            (output port)
  Path Group:             (none)
  Path Type:              Max at Slow Process Corner
  Data Path Delay:        11.224ns  (logic 4.297ns (38.281%)  route 6.927ns (61.719%))
  Logic Levels:           7  (CARRY4=2 IBUF=1 LUT2=1 LUT6=2 OBUF=1)

    Location             Delay type                Incr(ns)  Path(ns)    Netlist Resource(s)
  -------------------------------------------------------------------    -------------------
    E19                                               0.000     0.000 r  a[2] (IN)
                         net (fo=0)                   0.000     0.000    a[2]
    E19                  IBUF (Prop_ibuf_I_O)         0.935     0.935 r  a_IBUF[2]_inst/O
                         net (fo=7, routed)           2.669     3.604    a_IBUF[2]
    SLICE_X2Y60          LUT2 (Prop_lut2_I0_O)        0.105     3.709 r  result_OBUF[3]_inst_i_10/O
                         net (fo=1, routed)           0.000     3.709    result_OBUF[3]_inst_i_10_n_0
    SLICE_X2Y60          CARRY4 (Prop_carry4_S[2]_CO[3])
                                                      0.316     4.025 r  result_OBUF[3]_inst_i_4/CO[3]
                         net (fo=1, routed)           0.000     4.025    result_OBUF[3]_inst_i_4_n_0
    SLICE_X2Y61          CARRY4 (Prop_carry4_CI_O[2])
                                                      0.199     4.224 r  result_OBUF[7]_inst_i_4/O[2]
                         net (fo=1, routed)           0.651     4.875    data0[6]
    SLICE_X4Y61          LUT6 (Prop_lut6_I5_O)        0.244     5.119 r  result_OBUF[6]_inst_i_2/O
                         net (fo=1, routed)           0.663     5.782    result_OBUF[6]_inst_i_2_n_0
    SLICE_X1Y61          LUT6 (Prop_lut6_I5_O)        0.105     5.887 r  result_OBUF[6]_inst_i_1/O
                         net (fo=2, routed)           2.944     8.831    result_OBUF[6]
    AA22                 OBUF (Prop_obuf_I_O)         2.393    11.224 r  result_OBUF[6]_inst/O
                         net (fo=0)                   0.000    11.224    result[6]
    AA22                                                              r  result[6] (OUT)
  -------------------------------------------------------------------    -------------------

Slack:                    inf
  Source:                 a[2]
                            (input port)
  Destination:            result[27]
                            (output port)
  Path Group:             (none)
  Path Type:              Max at Slow Process Corner
  Data Path Delay:        11.181ns  (logic 4.869ns (43.546%)  route 6.312ns (56.454%))
  Logic Levels:           12  (CARRY4=7 IBUF=1 LUT2=1 LUT6=2 OBUF=1)

    Location             Delay type                Incr(ns)  Path(ns)    Netlist Resource(s)
  -------------------------------------------------------------------    -------------------
    E19                                               0.000     0.000 r  a[2] (IN)
                         net (fo=0)                   0.000     0.000    a[2]
    E19                  IBUF (Prop_ibuf_I_O)         0.935     0.935 r  a_IBUF[2]_inst/O
                         net (fo=7, routed)           2.669     3.604    a_IBUF[2]
    SLICE_X2Y60          LUT2 (Prop_lut2_I0_O)        0.105     3.709 r  result_OBUF[3]_inst_i_10/O
                         net (fo=1, routed)           0.000     3.709    result_OBUF[3]_inst_i_10_n_0
    SLICE_X2Y60          CARRY4 (Prop_carry4_S[2]_CO[3])
                                                      0.316     4.025 r  result_OBUF[3]_inst_i_4/CO[3]
                         net (fo=1, routed)           0.000     4.025    result_OBUF[3]_inst_i_4_n_0
    SLICE_X2Y61          CARRY4 (Prop_carry4_CI_CO[3])
                                                      0.100     4.125 r  result_OBUF[7]_inst_i_4/CO[3]
                         net (fo=1, routed)           0.000     4.125    result_OBUF[7]_inst_i_4_n_0
    SLICE_X2Y62          CARRY4 (Prop_carry4_CI_CO[3])
                                                      0.100     4.225 r  result_OBUF[11]_inst_i_4/CO[3]
                         net (fo=1, routed)           0.000     4.225    result_OBUF[11]_inst_i_4_n_0
    SLICE_X2Y63          CARRY4 (Prop_carry4_CI_CO[3])
                                                      0.100     4.325 r  result_OBUF[15]_inst_i_4/CO[3]
                         net (fo=1, routed)           0.000     4.325    result_OBUF[15]_inst_i_4_n_0
    SLICE_X2Y64          CARRY4 (Prop_carry4_CI_CO[3])
                                                      0.100     4.425 r  result_OBUF[19]_inst_i_4/CO[3]
                         net (fo=1, routed)           0.000     4.425    result_OBUF[19]_inst_i_4_n_0
    SLICE_X2Y65          CARRY4 (Prop_carry4_CI_CO[3])
                                                      0.100     4.525 r  result_OBUF[23]_inst_i_4/CO[3]
                         net (fo=1, routed)           0.000     4.525    result_OBUF[23]_inst_i_4_n_0
    SLICE_X2Y66          CARRY4 (Prop_carry4_CI_O[3])
                                                      0.262     4.787 r  result_OBUF[27]_inst_i_4/O[3]
                         net (fo=1, routed)           0.674     5.461    data0[27]
    SLICE_X4Y66          LUT6 (Prop_lut6_I5_O)        0.250     5.711 r  result_OBUF[27]_inst_i_2/O
                         net (fo=1, routed)           0.336     6.047    result_OBUF[27]_inst_i_2_n_0
    SLICE_X0Y66          LUT6 (Prop_lut6_I5_O)        0.105     6.152 r  result_OBUF[27]_inst_i_1/O
                         net (fo=2, routed)           2.633     8.785    result_OBUF[27]
    W21                  OBUF (Prop_obuf_I_O)         2.396    11.181 r  result_OBUF[27]_inst/O
                         net (fo=0)                   0.000    11.181    result[27]
    W21                                                               r  result[27] (OUT)
  -------------------------------------------------------------------    -------------------





Min Delay Paths
--------------------------------------------------------------------------------------
Slack:                    inf
  Source:                 b[13]
                            (input port)
  Destination:            result[13]
                            (output port)
  Path Group:             (none)
  Path Type:              Min at Fast Process Corner
  Data Path Delay:        2.484ns  (logic 1.373ns (55.287%)  route 1.111ns (44.713%))
  Logic Levels:           3  (IBUF=1 LUT6=1 OBUF=1)

    Location             Delay type                Incr(ns)  Path(ns)    Netlist Resource(s)
  -------------------------------------------------------------------    -------------------
    L19                                               0.000     0.000 r  b[13] (IN)
                         net (fo=0)                   0.000     0.000    b[13]
    L19                  IBUF (Prop_ibuf_I_O)         0.192     0.192 r  b_IBUF[13]_inst/O
                         net (fo=4, routed)           0.336     0.528    b_IBUF[13]
    SLICE_X1Y63          LUT6 (Prop_lut6_I2_O)        0.045     0.573 r  result_OBUF[13]_inst_i_1/O
                         net (fo=2, routed)           0.775     1.348    result_OBUF[13]
    R19                  OBUF (Prop_obuf_I_O)         1.136     2.484 r  result_OBUF[13]_inst/O
                         net (fo=0)                   0.000     2.484    result[13]
    R19                                                               r  result[13] (OUT)
  -------------------------------------------------------------------    -------------------

Slack:                    inf
  Source:                 b[2]
                            (input port)
  Destination:            result[2]
                            (output port)
  Path Group:             (none)
  Path Type:              Min at Fast Process Corner
  Data Path Delay:        2.683ns  (logic 1.403ns (52.311%)  route 1.279ns (47.689%))
  Logic Levels:           3  (IBUF=1 LUT6=1 OBUF=1)

    Location             Delay type                Incr(ns)  Path(ns)    Netlist Resource(s)
  -------------------------------------------------------------------    -------------------
    L20                                               0.000     0.000 r  b[2] (IN)
                         net (fo=0)                   0.000     0.000    b[2]
    L20                  IBUF (Prop_ibuf_I_O)         0.199     0.199 r  b_IBUF[2]_inst/O
                         net (fo=5, routed)           0.430     0.628    b_IBUF[2]
    SLICE_X0Y58          LUT6 (Prop_lut6_I2_O)        0.045     0.673 r  result_OBUF[2]_inst_i_1/O
                         net (fo=1, routed)           0.850     1.523    result_OBUF[2]
    AB21                 OBUF (Prop_obuf_I_O)         1.160     2.683 r  result_OBUF[2]_inst/O
                         net (fo=0)                   0.000     2.683    result[2]
    AB21                                                              r  result[2] (OUT)
  -------------------------------------------------------------------    -------------------

Slack:                    inf
  Source:                 b[24]
                            (input port)
  Destination:            result[24]
                            (output port)
  Path Group:             (none)
  Path Type:              Min at Fast Process Corner
  Data Path Delay:        2.747ns  (logic 1.400ns (50.963%)  route 1.347ns (49.037%))
  Logic Levels:           3  (IBUF=1 LUT6=1 OBUF=1)

    Location             Delay type                Incr(ns)  Path(ns)    Netlist Resource(s)
  -------------------------------------------------------------------    -------------------
    M15                                               0.000     0.000 r  b[24] (IN)
                         net (fo=0)                   0.000     0.000    b[24]
    M15                  IBUF (Prop_ibuf_I_O)         0.205     0.205 r  b_IBUF[24]_inst/O
                         net (fo=4, routed)           0.545     0.750    b_IBUF[24]
    SLICE_X0Y66          LUT6 (Prop_lut6_I2_O)        0.045     0.795 r  result_OBUF[24]_inst_i_1/O
                         net (fo=2, routed)           0.802     1.597    result_OBUF[24]
    V20                  OBUF (Prop_obuf_I_O)         1.150     2.747 r  result_OBUF[24]_inst/O
                         net (fo=0)                   0.000     2.747    result[24]
    V20                                                               r  result[24] (OUT)
  -------------------------------------------------------------------    -------------------

Slack:                    inf
  Source:                 b[14]
                            (input port)
  Destination:            result[14]
                            (output port)
  Path Group:             (none)
  Path Type:              Min at Fast Process Corner
  Data Path Delay:        2.773ns  (logic 1.356ns (48.891%)  route 1.417ns (51.109%))
  Logic Levels:           3  (IBUF=1 LUT6=1 OBUF=1)

    Location             Delay type                Incr(ns)  Path(ns)    Netlist Resource(s)
  -------------------------------------------------------------------    -------------------
    L18                                               0.000     0.000 r  b[14] (IN)
                         net (fo=0)                   0.000     0.000    b[14]
    L18                  IBUF (Prop_ibuf_I_O)         0.195     0.195 r  b_IBUF[14]_inst/O
                         net (fo=4, routed)           0.532     0.727    b_IBUF[14]
    SLICE_X4Y64          LUT6 (Prop_lut6_I2_O)        0.045     0.772 r  result_OBUF[14]_inst_i_1/O
                         net (fo=2, routed)           0.885     1.657    result_OBUF[14]
    R17                  OBUF (Prop_obuf_I_O)         1.115     2.773 r  result_OBUF[14]_inst/O
                         net (fo=0)                   0.000     2.773    result[14]
    R17                                                               r  result[14] (OUT)
  -------------------------------------------------------------------    -------------------

Slack:                    inf
  Source:                 b[20]
                            (input port)
  Destination:            result[20]
                            (output port)
  Path Group:             (none)
  Path Type:              Min at Fast Process Corner
  Data Path Delay:        2.782ns  (logic 1.354ns (48.652%)  route 1.429ns (51.348%))
  Logic Levels:           3  (IBUF=1 LUT6=1 OBUF=1)

    Location             Delay type                Incr(ns)  Path(ns)    Netlist Resource(s)
  -------------------------------------------------------------------    -------------------
    L16                                               0.000     0.000 r  b[20] (IN)
                         net (fo=0)                   0.000     0.000    b[20]
    L16                  IBUF (Prop_ibuf_I_O)         0.173     0.173 r  b_IBUF[20]_inst/O
                         net (fo=4, routed)           0.601     0.774    b_IBUF[20]
    SLICE_X1Y65          LUT6 (Prop_lut6_I2_O)        0.045     0.819 r  result_OBUF[20]_inst_i_1/O
                         net (fo=2, routed)           0.828     1.647    result_OBUF[20]
    P16                  OBUF (Prop_obuf_I_O)         1.135     2.782 r  result_OBUF[20]_inst/O
                         net (fo=0)                   0.000     2.782    result[20]
    P16                                                               r  result[20] (OUT)
  -------------------------------------------------------------------    -------------------

Slack:                    inf
  Source:                 b[18]
                            (input port)
  Destination:            result[18]
                            (output port)
  Path Group:             (none)
  Path Type:              Min at Fast Process Corner
  Data Path Delay:        2.795ns  (logic 1.357ns (48.557%)  route 1.438ns (51.443%))
  Logic Levels:           3  (IBUF=1 LUT6=1 OBUF=1)

    Location             Delay type                Incr(ns)  Path(ns)    Netlist Resource(s)
  -------------------------------------------------------------------    -------------------
    K18                                               0.000     0.000 r  b[18] (IN)
                         net (fo=0)                   0.000     0.000    b[18]
    K18                  IBUF (Prop_ibuf_I_O)         0.177     0.177 r  b_IBUF[18]_inst/O
                         net (fo=4, routed)           0.415     0.592    b_IBUF[18]
    SLICE_X0Y64          LUT6 (Prop_lut6_I2_O)        0.045     0.637 r  result_OBUF[18]_inst_i_1/O
                         net (fo=2, routed)           1.023     1.660    result_OBUF[18]
    R18                  OBUF (Prop_obuf_I_O)         1.135     2.795 r  result_OBUF[18]_inst/O
                         net (fo=0)                   0.000     2.795    result[18]
    R18                                                               r  result[18] (OUT)
  -------------------------------------------------------------------    -------------------

Slack:                    inf
  Source:                 b[4]
                            (input port)
  Destination:            result[4]
                            (output port)
  Path Group:             (none)
  Path Type:              Min at Fast Process Corner
  Data Path Delay:        2.813ns  (logic 1.412ns (50.190%)  route 1.401ns (49.810%))
  Logic Levels:           3  (IBUF=1 LUT6=1 OBUF=1)

    Location             Delay type                Incr(ns)  Path(ns)    Netlist Resource(s)
  -------------------------------------------------------------------    -------------------
    J21                                               0.000     0.000 r  b[4] (IN)
                         net (fo=0)                   0.000     0.000    b[4]
    J21                  IBUF (Prop_ibuf_I_O)         0.230     0.230 r  b_IBUF[4]_inst/O
                         net (fo=4, routed)           0.545     0.776    b_IBUF[4]
    SLICE_X0Y61          LUT6 (Prop_lut6_I2_O)        0.045     0.821 r  result_OBUF[4]_inst_i_1/O
                         net (fo=2, routed)           0.856     1.677    result_OBUF[4]
    Y19                  OBUF (Prop_obuf_I_O)         1.137     2.813 r  result_OBUF[4]_inst/O
                         net (fo=0)                   0.000     2.813    result[4]
    Y19                                                               r  result[4] (OUT)
  -------------------------------------------------------------------    -------------------

Slack:                    inf
  Source:                 b[29]
                            (input port)
  Destination:            result[29]
                            (output port)
  Path Group:             (none)
  Path Type:              Min at Fast Process Corner
  Data Path Delay:        2.825ns  (logic 1.432ns (50.681%)  route 1.393ns (49.319%))
  Logic Levels:           3  (IBUF=1 LUT6=1 OBUF=1)

    Location             Delay type                Incr(ns)  Path(ns)    Netlist Resource(s)
  -------------------------------------------------------------------    -------------------
    D22                                               0.000     0.000 r  b[29] (IN)
                         net (fo=0)                   0.000     0.000    b[29]
    D22                  IBUF (Prop_ibuf_I_O)         0.232     0.232 r  b_IBUF[29]_inst/O
                         net (fo=4, routed)           0.549     0.781    b_IBUF[29]
    SLICE_X0Y67          LUT6 (Prop_lut6_I2_O)        0.045     0.826 r  result_OBUF[29]_inst_i_1/O
                         net (fo=2, routed)           0.844     1.671    result_OBUF[29]
    U22                  OBUF (Prop_obuf_I_O)         1.154     2.825 r  result_OBUF[29]_inst/O
                         net (fo=0)                   0.000     2.825    result[29]
    U22                                                               r  result[29] (OUT)
  -------------------------------------------------------------------    -------------------

Slack:                    inf
  Source:                 b[15]
                            (input port)
  Destination:            result[15]
                            (output port)
  Path Group:             (none)
  Path Type:              Min at Fast Process Corner
  Data Path Delay:        2.844ns  (logic 1.355ns (47.655%)  route 1.489ns (52.345%))
  Logic Levels:           3  (IBUF=1 LUT6=1 OBUF=1)

    Location             Delay type                Incr(ns)  Path(ns)    Netlist Resource(s)
  -------------------------------------------------------------------    -------------------
    J20                                               0.000     0.000 r  b[15] (IN)
                         net (fo=0)                   0.000     0.000    b[15]
    J20                  IBUF (Prop_ibuf_I_O)         0.194     0.194 r  b_IBUF[15]_inst/O
                         net (fo=4, routed)           0.444     0.638    b_IBUF[15]
    SLICE_X4Y63          LUT6 (Prop_lut6_I2_O)        0.045     0.683 r  result_OBUF[15]_inst_i_1/O
                         net (fo=2, routed)           1.044     1.728    result_OBUF[15]
    R16                  OBUF (Prop_obuf_I_O)         1.116     2.844 r  result_OBUF[15]_inst/O
                         net (fo=0)                   0.000     2.844    result[15]
    R16                                                               r  result[15] (OUT)
  -------------------------------------------------------------------    -------------------

Slack:                    inf
  Source:                 b[28]
                            (input port)
  Destination:            result[28]
                            (output port)
  Path Group:             (none)
  Path Type:              Min at Fast Process Corner
  Data Path Delay:        2.846ns  (logic 1.423ns (49.989%)  route 1.423ns (50.011%))
  Logic Levels:           3  (IBUF=1 LUT6=1 OBUF=1)

    Location             Delay type                Incr(ns)  Path(ns)    Netlist Resource(s)
  -------------------------------------------------------------------    -------------------
    F21                                               0.000     0.000 r  b[28] (IN)
                         net (fo=0)                   0.000     0.000    b[28]
    F21                  IBUF (Prop_ibuf_I_O)         0.220     0.220 r  b_IBUF[28]_inst/O
                         net (fo=4, routed)           0.538     0.759    b_IBUF[28]
    SLICE_X0Y67          LUT6 (Prop_lut6_I2_O)        0.045     0.804 r  result_OBUF[28]_inst_i_1/O
                         net (fo=2, routed)           0.885     1.689    result_OBUF[28]
    V22                  OBUF (Prop_obuf_I_O)         1.157     2.846 r  result_OBUF[28]_inst/O
                         net (fo=0)                   0.000     2.846    result[28]
    V22                                                               r  result[28] (OUT)
  -------------------------------------------------------------------    -------------------





